<?xml version="1.0" encoding="UTF-8"?>
<!-- Generated by org.testng.reporters.JUnitReportReporter -->
<testsuite hostname="DESKTOP-TQ5Q620" failures="0" tests="3" name="ProTrainingTech.AutomationTrainingProgram.ProvideresToParameters" time="70.376" errors="0" timestamp="2022-05-19T21:19:02 EDT" skipped="0">
  <testcase classname="ProTrainingTech.AutomationTrainingProgram.ProvideresToParameters" name="f" time="25.662"/>
  <system-out/>
  <testcase classname="ProTrainingTech.AutomationTrainingProgram.ProvideresToParameters" name="f" time="25.510"/>
  <system-out/>
  <testcase classname="ProTrainingTech.AutomationTrainingProgram.ProvideresToParameters" name="f" time="19.204"/>
  <system-out/>
</testsuite> <!-- ProTrainingTech.AutomationTrainingProgram.ProvideresToParameters -->
